<?xml version="1.0" encoding="UTF-8"?>
<!-- Generated by org.testng.reporters.JUnitXMLReporter -->
<testsuite ignored="0" hostname="LAPTOP-FSROH3R8" failures="0" tests="4" name="Default test" time="125.423" errors="0" timestamp="2024-04-21T18:41:34 BST">
  <testcase classname="ordersTest.ProductOrdersTest" name="addProductsToCart" time="14.324"/>
  <testcase classname="ordersTest.ProductOrdersTest" name="addProductsToCart" time="10.703"/>
  <testcase classname="ordersTest.ProductOrdersTest" name="addProductsToCart" time="20.286"/>
  <testcase classname="ordersTest.ProductOrdersTest" name="checkOut" time="50.718"/>
</testsuite> <!-- Default test -->
