<?xml version="1.0" encoding="UTF-8"?>
<testng-results ignored="0" total="4" passed="4" failed="0" skipped="0">
  <reporter-output>
  </reporter-output>
  <suite started-at="2024-04-21T18:39:28 BST" name="Default suite" finished-at="2024-04-21T18:41:33 BST" duration-ms="125423">
    <groups>
    </groups>
    <test started-at="2024-04-21T18:39:28 BST" name="Default test" finished-at="2024-04-21T18:41:33 BST" duration-ms="125423">
      <class name="ordersTest.ProductOrdersTest">
        <test-method is-config="true" signature="loginApplication()[pri:0, instance:ordersTest.ProductOrdersTest@6c284af]" started-at="2024-04-21T18:39:28 BST" name="loginApplication" finished-at="2024-04-21T18:39:45 BST" duration-ms="17074" status="PASS">
          <reporter-output>
          </reporter-output>
        </test-method> <!-- loginApplication -->
        <test-method signature="addProductsToCart(java.lang.String,java.lang.String)[pri:1, instance:ordersTest.ProductOrdersTest@6c284af]" started-at="2024-04-21T18:39:47 BST" name="addProductsToCart" data-provider="TestData" finished-at="2024-04-21T18:40:01 BST" duration-ms="14324" status="PASS">
          <params>
            <param index="0">
              <value>
                <![CDATA[shirt]]>
              </value>
            </param>
            <param index="1">
              <value>
                <![CDATA[Men Shirt]]>
              </value>
            </param>
          </params>
          <reporter-output>
          </reporter-output>
        </test-method> <!-- addProductsToCart -->
        <test-method signature="addProductsToCart(java.lang.String,java.lang.String)[pri:1, instance:ordersTest.ProductOrdersTest@6c284af]" started-at="2024-04-21T18:40:01 BST" name="addProductsToCart" data-provider="TestData" finished-at="2024-04-21T18:40:12 BST" duration-ms="10703" status="PASS">
          <params>
            <param index="0">
              <value>
                <![CDATA[shoes]]>
              </value>
            </param>
            <param index="1">
              <value>
                <![CDATA[footwear]]>
              </value>
            </param>
          </params>
          <reporter-output>
          </reporter-output>
        </test-method> <!-- addProductsToCart -->
        <test-method signature="addProductsToCart(java.lang.String,java.lang.String)[pri:1, instance:ordersTest.ProductOrdersTest@6c284af]" started-at="2024-04-21T18:40:12 BST" name="addProductsToCart" data-provider="TestData" finished-at="2024-04-21T18:40:32 BST" duration-ms="20286" status="PASS">
          <params>
            <param index="0">
              <value>
                <![CDATA[lipstick]]>
              </value>
            </param>
            <param index="1">
              <value>
                <![CDATA[nykaa chai]]>
              </value>
            </param>
          </params>
          <reporter-output>
          </reporter-output>
        </test-method> <!-- addProductsToCart -->
        <test-method signature="checkOut()[pri:2, instance:ordersTest.ProductOrdersTest@6c284af]" started-at="2024-04-21T18:40:32 BST" name="checkOut" finished-at="2024-04-21T18:41:23 BST" duration-ms="50718" status="PASS">
          <reporter-output>
          </reporter-output>
        </test-method> <!-- checkOut -->
        <test-method is-config="true" signature="quitBrowser()[pri:0, instance:ordersTest.ProductOrdersTest@6c284af]" started-at="2024-04-21T18:41:23 BST" name="quitBrowser" finished-at="2024-04-21T18:41:33 BST" duration-ms="10750" status="PASS">
          <reporter-output>
          </reporter-output>
        </test-method> <!-- quitBrowser -->
      </class> <!-- ordersTest.ProductOrdersTest -->
    </test> <!-- Default test -->
  </suite> <!-- Default suite -->
</testng-results>
